============================
[debug] Begin to login ...
[debug] Form url:  http://jkgc.hrbeu.edu.cn/infoplus/form/9601249/render
[debug] Form Status:  SUCCEED
[debug] Form stJson:  {'errno': 0, 'ecode': 'SUCCEED', 'entities': [{'stepId': 2, 'name': '办结', 'code': 'autoStep1', 'status': 0, 'type': 'Auto', 'flowStepId': 0, 'executorSelection': 0, 'timestamp': 0, 'posts': [], 'users': [], 'parallel': False, 'hasInstantNotification': False, 'hasCarbonCopy': False, 'entryId': 9532755, 'entryStatus': 0, 'entryRelease': False}]}
[info] Checkin succeed with jsoncode SUCCEED
:.:.:.:.: Finally :.:.:.:.:
[info] Notification sended at 2021-08-18 12:11:40 Wednesday
[info] Task Finished at 2021-08-18 12:11:40 Wednesday
============================

============================
[debug] Begin to login ...
[debug] Form url:  http://jkgc.hrbeu.edu.cn/infoplus/form/9613811/render
[debug] Form Status:  SUCCEED
[debug] Form stJson:  {'errno': 0, 'ecode': 'SUCCEED', 'entities': [{'stepId': 2, 'name': '办结', 'code': 'autoStep1', 'status': 0, 'type': 'Auto', 'flowStepId': 0, 'executorSelection': 0, 'timestamp': 0, 'posts': [], 'users': [], 'parallel': False, 'hasInstantNotification': False, 'hasCarbonCopy': False, 'entryId': 9545317, 'entryStatus': 0, 'entryRelease': False}]}
[info] Checkin succeed with jsoncode SUCCEED
:.:.:.:.: Finally :.:.:.:.:
[info] Notification sended at 2021-08-19 07:06:56 Thursday
[info] Task Finished at 2021-08-19 07:06:56 Thursday
============================

============================
[debug] Begin to login ...
[debug] Form url:  http://jkgc.hrbeu.edu.cn/infoplus/form/9624488/render
[debug] Form Status:  SUCCEED
[debug] Form stJson:  {'errno': 0, 'ecode': 'SUCCEED', 'entities': [{'stepId': 2, 'name': '办结', 'code': 'autoStep1', 'status': 0, 'type': 'Auto', 'flowStepId': 0, 'executorSelection': 0, 'timestamp': 0, 'posts': [], 'users': [], 'parallel': False, 'hasInstantNotification': False, 'hasCarbonCopy': False, 'entryId': 9555994, 'entryStatus': 0, 'entryRelease': False}]}
[info] Checkin succeed with jsoncode SUCCEED
:.:.:.:.: Finally :.:.:.:.:
[info] Notification sended at 2021-08-19 08:19:49 Thursday
[info] Task Finished at 2021-08-19 08:19:49 Thursday
============================

============================
[debug] Begin to login ...
[debug] Form url:  http://jkgc.hrbeu.edu.cn/infoplus/form/9649216/render
[debug] Form Status:  SUCCEED
[debug] Form stJson:  {'errno': 0, 'ecode': 'SUCCEED', 'entities': [{'stepId': 2, 'name': '办结', 'code': 'autoStep1', 'status': 0, 'type': 'Auto', 'flowStepId': 0, 'executorSelection': 0, 'timestamp': 0, 'posts': [], 'users': [], 'parallel': False, 'hasInstantNotification': False, 'hasCarbonCopy': False, 'entryId': 9580722, 'entryStatus': 0, 'entryRelease': False}]}
[info] Checkin succeed with jsoncode SUCCEED
:.:.:.:.: Finally :.:.:.:.:
[info] Notification sended at 2021-08-20 07:06:49 Friday
[info] Task Finished at 2021-08-20 07:06:49 Friday
============================

